<?xml version="1.0" encoding="UTF-8"?>
  <testsuite name="SubsurfaceTest Suite" tests="21" failures="0" errors="0" time="0">
      <testcase name="XML un-marshalling Divelog to subsurface valid tag and attributes no error" classname="SubsurfaceTest Suite" time="0.000115544"></testcase>
      <testcase name="XML un-marshalling Divelog to subsurface valid tag and attributes contains xml name divelog" classname="SubsurfaceTest Suite" time="1.6254e-05"></testcase>
      <testcase name="XML un-marshalling Divelog to subsurface valid tag and attributes contains version attribute" classname="SubsurfaceTest Suite" time="1.0179e-05"></testcase>
      <testcase name="XML un-marshalling Divelog to subsurface valid tag and attributes contains program attribute" classname="SubsurfaceTest Suite" time="7.757e-06"></testcase>
      <testcase name="XML un-marshalling Divelog to subsurface valid tag and attributes zero dive sites" classname="SubsurfaceTest Suite" time="7.904e-06"></testcase>
      <testcase name="XML un-marshalling Divelog to subsurface valid tag and attributes zero dives" classname="SubsurfaceTest Suite" time="1.1577e-05"></testcase>
      <testcase name="XML un-marshalling Divelog to subsurface valid tag and attributes dive computer is zero object" classname="SubsurfaceTest Suite" time="1.2207e-05"></testcase>
      <testcase name="XML un-marshalling Divelog to subsurface settings to dive computer valid deviceID is deviceid attribute" classname="SubsurfaceTest Suite" time="6.0521e-05"></testcase>
      <testcase name="XML un-marshalling Divelog to subsurface settings to dive computer valid model is model attribute" classname="SubsurfaceTest Suite" time="2.2192e-05"></testcase>
      <testcase name="XML un-marshalling Divelog to subsurface settings to dive computer valid serialNumber is serial attribute" classname="SubsurfaceTest Suite" time="2.2851e-05"></testcase>
      <testcase name="XML un-marshalling Divelog to subsurface settings to dive computer missing attributes deviceID is empty string" classname="SubsurfaceTest Suite" time="1.5609e-05"></testcase>
      <testcase name="XML un-marshalling Divelog to subsurface settings to dive computer missing attributes model is empty string" classname="SubsurfaceTest Suite" time="1.0637e-05"></testcase>
      <testcase name="XML un-marshalling Divelog to subsurface settings to dive computer missing attributes serialNumber is empty string" classname="SubsurfaceTest Suite" time="1.5546e-05"></testcase>
      <testcase name="XML un-marshalling Divelog to subsurface invalid tag throws error" classname="SubsurfaceTest Suite" time="1.0425e-05"></testcase>
      <testcase name="XML un-marshalling Divelog to subsurface missing attribute version is empty string" classname="SubsurfaceTest Suite" time="1.0299e-05"></testcase>
      <testcase name="XML un-marshalling Divelog to subsurface missing attribute program is empty string" classname="SubsurfaceTest Suite" time="2.3466e-05"></testcase>
      <testcase name="XML un-marshalling Dive Sites valid no error" classname="SubsurfaceTest Suite" time="2.844e-05"></testcase>
      <testcase name="XML un-marshalling Dive Sites valid attributes UUID is uuid attribute" classname="SubsurfaceTest Suite" time="1.2504e-05"></testcase>
      <testcase name="XML un-marshalling Dive Sites valid attributes Name is name attribute" classname="SubsurfaceTest Suite" time="9.356e-06"></testcase>
      <testcase name="XML un-marshalling Dive Sites valid attributes Latitude is 1st part of gps attribute" classname="SubsurfaceTest Suite" time="1.4157e-05"></testcase>
      <testcase name="XML un-marshalling Dive Sites valid attributes Longitude is 2nd part of gps attribute" classname="SubsurfaceTest Suite" time="9.119e-06"></testcase>
  </testsuite>